<?xml version="1.0" encoding="UTF-8"?>
<testsuite xmlns:xsi="http://www.w3.org/2001/XMLSchema-instance" xsi:noNamespaceSchemaLocation="https://maven.apache.org/surefire/maven-surefire-plugin/xsd/surefire-test-report.xsd" name="ru.yandex.practicum.OrderTest" time="0.767" tests="3" errors="0" skipped="0" failures="0">
  <properties>
[...]
</properties>
  <testcase name="makeOrderTest[0]" classname="ru.yandex.practicum.OrderTest" time="0.422"/>
  <testcase name="makeOrderTest[1]" classname="ru.yandex.practicum.OrderTest" time="0.156"/>
  <testcase name="makeOrderTest[2]" classname="ru.yandex.practicum.OrderTest" time="0.173"/>
</testsuite>